1768273461: mosquitto version 2.0.22 starting
1768273461: Config loaded from /mosquitto/config/mosquitto.conf.
1768273461: Opening ipv4 listen socket on port 1883.
1768273461: Opening ipv6 listen socket on port 1883.
1768273461: mosquitto version 2.0.22 running
1768273561: mosquitto version 2.0.22 terminating
1768273561: Saving in-memory database to /mosquitto/data//mosquitto.db.
1768273587: mosquitto version 2.0.22 starting
1768273587: Config loaded from /mosquitto/config/mosquitto.conf.
1768273587: Opening ipv4 listen socket on port 1883.
1768273587: Opening ipv6 listen socket on port 1883.
1768273587: mosquitto version 2.0.22 running
1768273671: mosquitto version 2.0.22 terminating
1768273671: Saving in-memory database to /mosquitto/data//mosquitto.db.
1768312861: mosquitto version 2.0.22 starting
1768312861: Config loaded from /mosquitto/config/mosquitto.conf.
1768312861: Opening ipv4 listen socket on port 1883.
1768312861: Opening ipv6 listen socket on port 1883.
1768312861: Opening websockets listen socket on port 9001.
1768312861: mosquitto version 2.0.22 running
1768313403: New connection from 172.19.0.1:39848 on port 1883.
1768313403: New client connected from 172.19.0.1:39848 as esp32_bme680_sensor (p2, c1, k60).
1768313403: No will message specified.
1768313403: Sending CONNACK to esp32_bme680_sensor (0, 0)
1768313403: Received PUBLISH from esp32_bme680_sensor (d0, q1, r1, m40165, 'sensor/bme680/status', ... (70 bytes))
1768313403: Sending PUBACK to esp32_bme680_sensor (m40165, rc0)
1768313411: Received PUBLISH from esp32_bme680_sensor (d0, q1, r0, m27556, 'sensor/bme680/data', ... (161 bytes))
1768313411: Sending PUBACK to esp32_bme680_sensor (m27556, rc0)
1768313411: Received PUBLISH from esp32_bme680_sensor (d0, q1, r0, m62792, 'sensor/bme680/iaq', ... (183 bytes))
1768313411: Sending PUBACK to esp32_bme680_sensor (m62792, rc0)
1768313421: Received PUBLISH from esp32_bme680_sensor (d0, q1, r0, m16187, 'sensor/bme680/data', ... (163 bytes))
1768313421: Sending PUBACK to esp32_bme680_sensor (m16187, rc0)
1768313421: Received PUBLISH from esp32_bme680_sensor (d0, q1, r0, m35530, 'sensor/bme680/iaq', ... (183 bytes))
1768313421: Sending PUBACK to esp32_bme680_sensor (m35530, rc0)
1768313432: Received PUBLISH from esp32_bme680_sensor (d0, q1, r0, m28688, 'sensor/bme680/data', ... (161 bytes))
1768313432: Sending PUBACK to esp32_bme680_sensor (m28688, rc0)
1768313432: Received PUBLISH from esp32_bme680_sensor (d0, q1, r0, m34800, 'sensor/bme680/iaq', ... (183 bytes))
1768313432: Sending PUBACK to esp32_bme680_sensor (m34800, rc0)
1768313434: Received PINGREQ from esp32_bme680_sensor
1768313434: Sending PINGRESP to esp32_bme680_sensor
1768313442: Received PUBLISH from esp32_bme680_sensor (d0, q1, r0, m5475, 'sensor/bme680/data', ... (164 bytes))
1768313442: Sending PUBACK to esp32_bme680_sensor (m5475, rc0)
1768313442: Received PUBLISH from esp32_bme680_sensor (d0, q1, r0, m63196, 'sensor/bme680/iaq', ... (187 bytes))
1768313442: Sending PUBACK to esp32_bme680_sensor (m63196, rc0)
1768313452: Received PUBLISH from esp32_bme680_sensor (d0, q1, r0, m20947, 'sensor/bme680/data', ... (162 bytes))
1768313452: Sending PUBACK to esp32_bme680_sensor (m20947, rc0)
1768313452: Received PUBLISH from esp32_bme680_sensor (d0, q1, r0, m39411, 'sensor/bme680/iaq', ... (183 bytes))
1768313452: Sending PUBACK to esp32_bme680_sensor (m39411, rc0)
1768313462: Received PUBLISH from esp32_bme680_sensor (d0, q1, r0, m10516, 'sensor/bme680/data', ... (163 bytes))
1768313462: Sending PUBACK to esp32_bme680_sensor (m10516, rc0)
1768313462: Received PUBLISH from esp32_bme680_sensor (d0, q1, r0, m8513, 'sensor/bme680/iaq', ... (188 bytes))
1768313462: Sending PUBACK to esp32_bme680_sensor (m8513, rc0)
1768313464: Received PINGREQ from esp32_bme680_sensor
1768313464: Sending PINGRESP to esp32_bme680_sensor
1768313473: Received PUBLISH from esp32_bme680_sensor (d0, q1, r0, m62575, 'sensor/bme680/data', ... (159 bytes))
1768313473: Sending PUBACK to esp32_bme680_sensor (m62575, rc0)
1768313473: Received PUBLISH from esp32_bme680_sensor (d0, q1, r0, m35321, 'sensor/bme680/iaq', ... (182 bytes))
1768313473: Sending PUBACK to esp32_bme680_sensor (m35321, rc0)
1768313483: Received PUBLISH from esp32_bme680_sensor (d0, q1, r0, m31940, 'sensor/bme680/data', ... (160 bytes))
1768313483: Sending PUBACK to esp32_bme680_sensor (m31940, rc0)
1768313483: Received PUBLISH from esp32_bme680_sensor (d0, q1, r0, m64263, 'sensor/bme680/iaq', ... (188 bytes))
1768313483: Sending PUBACK to esp32_bme680_sensor (m64263, rc0)
1768313493: Received PUBLISH from esp32_bme680_sensor (d0, q1, r0, m27847, 'sensor/bme680/data', ... (164 bytes))
1768313493: Sending PUBACK to esp32_bme680_sensor (m27847, rc0)
1768313493: Received PUBLISH from esp32_bme680_sensor (d0, q1, r0, m27158, 'sensor/bme680/iaq', ... (185 bytes))
1768313493: Sending PUBACK to esp32_bme680_sensor (m27158, rc0)
1768313495: Received PINGREQ from esp32_bme680_sensor
1768313495: Sending PINGRESP to esp32_bme680_sensor
1768313503: Received PUBLISH from esp32_bme680_sensor (d0, q1, r0, m41331, 'sensor/bme680/data', ... (161 bytes))
1768313503: Sending PUBACK to esp32_bme680_sensor (m41331, rc0)
1768313503: Received PUBLISH from esp32_bme680_sensor (d0, q1, r0, m63248, 'sensor/bme680/iaq', ... (188 bytes))
1768313503: Sending PUBACK to esp32_bme680_sensor (m63248, rc0)
1768313513: Received PUBLISH from esp32_bme680_sensor (d0, q1, r0, m48527, 'sensor/bme680/data', ... (161 bytes))
1768313513: Sending PUBACK to esp32_bme680_sensor (m48527, rc0)
1768313514: Received PUBLISH from esp32_bme680_sensor (d0, q1, r0, m57372, 'sensor/bme680/iaq', ... (187 bytes))
1768313514: Sending PUBACK to esp32_bme680_sensor (m57372, rc0)
1768313524: Received PUBLISH from esp32_bme680_sensor (d0, q1, r0, m58921, 'sensor/bme680/data', ... (164 bytes))
1768313524: Sending PUBACK to esp32_bme680_sensor (m58921, rc0)
1768313524: Received PUBLISH from esp32_bme680_sensor (d0, q1, r0, m31712, 'sensor/bme680/iaq', ... (180 bytes))
1768313524: Sending PUBACK to esp32_bme680_sensor (m31712, rc0)
1768313526: Received PINGREQ from esp32_bme680_sensor
1768313526: Sending PINGRESP to esp32_bme680_sensor
1768313534: Received PUBLISH from esp32_bme680_sensor (d0, q1, r0, m60640, 'sensor/bme680/data', ... (162 bytes))
1768313534: Sending PUBACK to esp32_bme680_sensor (m60640, rc0)
1768313534: Received PUBLISH from esp32_bme680_sensor (d0, q1, r0, m40321, 'sensor/bme680/iaq', ... (184 bytes))
1768313534: Sending PUBACK to esp32_bme680_sensor (m40321, rc0)
1768313544: Received PUBLISH from esp32_bme680_sensor (d0, q1, r0, m63130, 'sensor/bme680/data', ... (161 bytes))
1768313544: Sending PUBACK to esp32_bme680_sensor (m63130, rc0)
1768313544: Received PUBLISH from esp32_bme680_sensor (d0, q1, r0, m45272, 'sensor/bme680/iaq', ... (183 bytes))
1768313544: Sending PUBACK to esp32_bme680_sensor (m45272, rc0)
1768313554: Received PUBLISH from esp32_bme680_sensor (d0, q1, r0, m42205, 'sensor/bme680/data', ... (164 bytes))
1768313554: Sending PUBACK to esp32_bme680_sensor (m42205, rc0)
1768313554: Received PUBLISH from esp32_bme680_sensor (d0, q1, r0, m61959, 'sensor/bme680/iaq', ... (187 bytes))
1768313554: Sending PUBACK to esp32_bme680_sensor (m61959, rc0)
1768313556: Received PINGREQ from esp32_bme680_sensor
1768313556: Sending PINGRESP to esp32_bme680_sensor
1768313565: Received PUBLISH from esp32_bme680_sensor (d0, q1, r0, m24187, 'sensor/bme680/data', ... (164 bytes))
1768313565: Sending PUBACK to esp32_bme680_sensor (m24187, rc0)
1768313565: Received PUBLISH from esp32_bme680_sensor (d0, q1, r0, m34989, 'sensor/bme680/iaq', ... (185 bytes))
1768313565: Sending PUBACK to esp32_bme680_sensor (m34989, rc0)
1768313575: Received PUBLISH from esp32_bme680_sensor (d0, q1, r0, m5566, 'sensor/bme680/data', ... (163 bytes))
1768313575: Sending PUBACK to esp32_bme680_sensor (m5566, rc0)
1768313575: Received PUBLISH from esp32_bme680_sensor (d0, q1, r0, m54637, 'sensor/bme680/iaq', ... (185 bytes))
1768313575: Sending PUBACK to esp32_bme680_sensor (m54637, rc0)
1768313597: New connection from 172.19.0.1:36212 on port 1883.
1768313597: Client esp32_bme680_sensor already connected, closing old connection.
1768313597: New client connected from 172.19.0.1:36212 as esp32_bme680_sensor (p2, c1, k60).
1768313597: No will message specified.
1768313597: Sending CONNACK to esp32_bme680_sensor (0, 0)
1768313597: Received PUBLISH from esp32_bme680_sensor (d0, q1, r1, m61176, 'sensor/bme680/status', ... (70 bytes))
1768313597: Sending PUBACK to esp32_bme680_sensor (m61176, rc0)
1768313606: Received PUBLISH from esp32_bme680_sensor (d0, q1, r0, m43910, 'sensor/bme680/data', ... (160 bytes))
1768313606: Sending PUBACK to esp32_bme680_sensor (m43910, rc0)
1768313606: Received PUBLISH from esp32_bme680_sensor (d0, q1, r0, m63485, 'sensor/bme680/iaq', ... (184 bytes))
1768313606: Sending PUBACK to esp32_bme680_sensor (m63485, rc0)
1768313616: Received PUBLISH from esp32_bme680_sensor (d0, q1, r0, m30884, 'sensor/bme680/data', ... (162 bytes))
1768313616: Sending PUBACK to esp32_bme680_sensor (m30884, rc0)
1768313616: Received PUBLISH from esp32_bme680_sensor (d0, q1, r0, m52888, 'sensor/bme680/iaq', ... (186 bytes))
1768313616: Sending PUBACK to esp32_bme680_sensor (m52888, rc0)
1768313626: Received PUBLISH from esp32_bme680_sensor (d0, q1, r0, m62932, 'sensor/bme680/data', ... (164 bytes))
1768313626: Sending PUBACK to esp32_bme680_sensor (m62932, rc0)
1768313626: Received PUBLISH from esp32_bme680_sensor (d0, q1, r0, m52890, 'sensor/bme680/iaq', ... (183 bytes))
1768313626: Sending PUBACK to esp32_bme680_sensor (m52890, rc0)
1768313628: Received PINGREQ from esp32_bme680_sensor
1768313628: Sending PINGRESP to esp32_bme680_sensor
1768313636: Received PUBLISH from esp32_bme680_sensor (d0, q1, r0, m64697, 'sensor/bme680/data', ... (159 bytes))
1768313636: Sending PUBACK to esp32_bme680_sensor (m64697, rc0)
1768313636: Received PUBLISH from esp32_bme680_sensor (d0, q1, r0, m64107, 'sensor/bme680/iaq', ... (188 bytes))
1768313636: Sending PUBACK to esp32_bme680_sensor (m64107, rc0)
1768313647: Received PUBLISH from esp32_bme680_sensor (d0, q1, r0, m41606, 'sensor/bme680/data', ... (162 bytes))
1768313647: Sending PUBACK to esp32_bme680_sensor (m41606, rc0)
1768313647: Received PUBLISH from esp32_bme680_sensor (d0, q1, r0, m6762, 'sensor/bme680/iaq', ... (184 bytes))
1768313647: Sending PUBACK to esp32_bme680_sensor (m6762, rc0)
1768313657: Received PUBLISH from esp32_bme680_sensor (d0, q1, r0, m1103, 'sensor/bme680/data', ... (161 bytes))
1768313657: Sending PUBACK to esp32_bme680_sensor (m1103, rc0)
1768313657: Received PUBLISH from esp32_bme680_sensor (d0, q1, r0, m59394, 'sensor/bme680/iaq', ... (187 bytes))
1768313657: Sending PUBACK to esp32_bme680_sensor (m59394, rc0)
1768313659: Received PINGREQ from esp32_bme680_sensor
1768313659: Sending PINGRESP to esp32_bme680_sensor
1768313667: Received PUBLISH from esp32_bme680_sensor (d0, q1, r0, m7823, 'sensor/bme680/data', ... (159 bytes))
1768313667: Sending PUBACK to esp32_bme680_sensor (m7823, rc0)
1768313667: Received PUBLISH from esp32_bme680_sensor (d0, q1, r0, m9618, 'sensor/bme680/iaq', ... (186 bytes))
1768313667: Sending PUBACK to esp32_bme680_sensor (m9618, rc0)
1768313677: Received PUBLISH from esp32_bme680_sensor (d0, q1, r0, m22881, 'sensor/bme680/data', ... (163 bytes))
1768313677: Sending PUBACK to esp32_bme680_sensor (m22881, rc0)
1768313677: Received PUBLISH from esp32_bme680_sensor (d0, q1, r0, m49333, 'sensor/bme680/iaq', ... (188 bytes))
1768313677: Sending PUBACK to esp32_bme680_sensor (m49333, rc0)
1768313688: Received PUBLISH from esp32_bme680_sensor (d0, q1, r0, m7746, 'sensor/bme680/data', ... (163 bytes))
1768313688: Sending PUBACK to esp32_bme680_sensor (m7746, rc0)
1768313688: Received PUBLISH from esp32_bme680_sensor (d0, q1, r0, m35148, 'sensor/bme680/iaq', ... (187 bytes))
1768313688: Sending PUBACK to esp32_bme680_sensor (m35148, rc0)
1768313690: Received PINGREQ from esp32_bme680_sensor
1768313690: Sending PINGRESP to esp32_bme680_sensor
1768313698: Received PUBLISH from esp32_bme680_sensor (d0, q1, r0, m61314, 'sensor/bme680/data', ... (158 bytes))
1768313698: Sending PUBACK to esp32_bme680_sensor (m61314, rc0)
1768313698: Received PUBLISH from esp32_bme680_sensor (d0, q1, r0, m17122, 'sensor/bme680/iaq', ... (188 bytes))
1768313698: Sending PUBACK to esp32_bme680_sensor (m17122, rc0)
1768313708: Received PUBLISH from esp32_bme680_sensor (d0, q1, r0, m50892, 'sensor/bme680/data', ... (163 bytes))
1768313708: Sending PUBACK to esp32_bme680_sensor (m50892, rc0)
1768313708: Received PUBLISH from esp32_bme680_sensor (d0, q1, r0, m57468, 'sensor/bme680/iaq', ... (186 bytes))
1768313708: Sending PUBACK to esp32_bme680_sensor (m57468, rc0)
1768313718: Received PUBLISH from esp32_bme680_sensor (d0, q1, r0, m258, 'sensor/bme680/data', ... (161 bytes))
1768313718: Sending PUBACK to esp32_bme680_sensor (m258, rc0)
1768313718: Received PUBLISH from esp32_bme680_sensor (d0, q1, r0, m13857, 'sensor/bme680/iaq', ... (183 bytes))
1768313718: Sending PUBACK to esp32_bme680_sensor (m13857, rc0)
1768313720: Received PINGREQ from esp32_bme680_sensor
1768313720: Sending PINGRESP to esp32_bme680_sensor
1768313728: Received PUBLISH from esp32_bme680_sensor (d0, q1, r0, m39400, 'sensor/bme680/data', ... (163 bytes))
1768313728: Sending PUBACK to esp32_bme680_sensor (m39400, rc0)
1768313728: Received PUBLISH from esp32_bme680_sensor (d0, q1, r0, m31526, 'sensor/bme680/iaq', ... (186 bytes))
1768313728: Sending PUBACK to esp32_bme680_sensor (m31526, rc0)
1768313739: Received PUBLISH from esp32_bme680_sensor (d0, q1, r0, m25123, 'sensor/bme680/data', ... (157 bytes))
1768313739: Sending PUBACK to esp32_bme680_sensor (m25123, rc0)
1768313739: Received PUBLISH from esp32_bme680_sensor (d0, q1, r0, m44870, 'sensor/bme680/iaq', ... (188 bytes))
1768313739: Sending PUBACK to esp32_bme680_sensor (m44870, rc0)
1768313749: Received PUBLISH from esp32_bme680_sensor (d0, q1, r0, m22107, 'sensor/bme680/data', ... (164 bytes))
1768313749: Sending PUBACK to esp32_bme680_sensor (m22107, rc0)
1768313749: Received PUBLISH from esp32_bme680_sensor (d0, q1, r0, m51839, 'sensor/bme680/iaq', ... (184 bytes))
1768313749: Sending PUBACK to esp32_bme680_sensor (m51839, rc0)
1768313751: Received PINGREQ from esp32_bme680_sensor
1768313751: Sending PINGRESP to esp32_bme680_sensor
1768313759: Received PUBLISH from esp32_bme680_sensor (d0, q1, r0, m56460, 'sensor/bme680/data', ... (162 bytes))
1768313759: Sending PUBACK to esp32_bme680_sensor (m56460, rc0)
1768313759: Received PUBLISH from esp32_bme680_sensor (d0, q1, r0, m54018, 'sensor/bme680/iaq', ... (185 bytes))
1768313759: Sending PUBACK to esp32_bme680_sensor (m54018, rc0)
1768313769: Received PUBLISH from esp32_bme680_sensor (d0, q1, r0, m32852, 'sensor/bme680/data', ... (157 bytes))
1768313769: Sending PUBACK to esp32_bme680_sensor (m32852, rc0)
1768313769: Received PUBLISH from esp32_bme680_sensor (d0, q1, r0, m353, 'sensor/bme680/iaq', ... (188 bytes))
1768313769: Sending PUBACK to esp32_bme680_sensor (m353, rc0)
1768313780: Received PUBLISH from esp32_bme680_sensor (d0, q1, r0, m61641, 'sensor/bme680/data', ... (160 bytes))
1768313780: Sending PUBACK to esp32_bme680_sensor (m61641, rc0)
1768313780: Received PUBLISH from esp32_bme680_sensor (d0, q1, r0, m36556, 'sensor/bme680/iaq', ... (185 bytes))
1768313780: Sending PUBACK to esp32_bme680_sensor (m36556, rc0)
1768313782: Received PINGREQ from esp32_bme680_sensor
1768313782: Sending PINGRESP to esp32_bme680_sensor
1768313790: Received PUBLISH from esp32_bme680_sensor (d0, q1, r0, m19763, 'sensor/bme680/data', ... (162 bytes))
1768313790: Sending PUBACK to esp32_bme680_sensor (m19763, rc0)
1768313790: Received PUBLISH from esp32_bme680_sensor (d0, q1, r0, m1966, 'sensor/bme680/iaq', ... (188 bytes))
1768313790: Sending PUBACK to esp32_bme680_sensor (m1966, rc0)
1768313800: Received PUBLISH from esp32_bme680_sensor (d0, q1, r0, m35184, 'sensor/bme680/data', ... (164 bytes))
1768313800: Sending PUBACK to esp32_bme680_sensor (m35184, rc0)
1768313800: Received PUBLISH from esp32_bme680_sensor (d0, q1, r0, m34455, 'sensor/bme680/iaq', ... (179 bytes))
1768313800: Sending PUBACK to esp32_bme680_sensor (m34455, rc0)
1768313810: Received PUBLISH from esp32_bme680_sensor (d0, q1, r0, m31036, 'sensor/bme680/data', ... (164 bytes))
1768313810: Sending PUBACK to esp32_bme680_sensor (m31036, rc0)
1768313810: Received PUBLISH from esp32_bme680_sensor (d0, q1, r0, m53210, 'sensor/bme680/iaq', ... (185 bytes))
1768313810: Sending PUBACK to esp32_bme680_sensor (m53210, rc0)
1768313812: Received PINGREQ from esp32_bme680_sensor
1768313812: Sending PINGRESP to esp32_bme680_sensor
1768313820: Received PUBLISH from esp32_bme680_sensor (d0, q1, r0, m43285, 'sensor/bme680/data', ... (161 bytes))
1768313820: Sending PUBACK to esp32_bme680_sensor (m43285, rc0)
1768313820: Received PUBLISH from esp32_bme680_sensor (d0, q1, r0, m60851, 'sensor/bme680/iaq', ... (188 bytes))
1768313820: Sending PUBACK to esp32_bme680_sensor (m60851, rc0)
1768313831: Received PUBLISH from esp32_bme680_sensor (d0, q1, r0, m48795, 'sensor/bme680/data', ... (161 bytes))
1768313831: Sending PUBACK to esp32_bme680_sensor (m48795, rc0)
1768313831: Received PUBLISH from esp32_bme680_sensor (d0, q1, r0, m41628, 'sensor/bme680/iaq', ... (182 bytes))
1768313831: Sending PUBACK to esp32_bme680_sensor (m41628, rc0)
1768313841: Received PUBLISH from esp32_bme680_sensor (d0, q1, r0, m2889, 'sensor/bme680/data', ... (164 bytes))
1768313841: Sending PUBACK to esp32_bme680_sensor (m2889, rc0)
1768313841: Received PUBLISH from esp32_bme680_sensor (d0, q1, r0, m18848, 'sensor/bme680/iaq', ... (188 bytes))
1768313841: Sending PUBACK to esp32_bme680_sensor (m18848, rc0)
1768313843: Received PINGREQ from esp32_bme680_sensor
1768313843: Sending PINGRESP to esp32_bme680_sensor
1768313851: Received PUBLISH from esp32_bme680_sensor (d0, q1, r0, m6051, 'sensor/bme680/data', ... (161 bytes))
1768313851: Sending PUBACK to esp32_bme680_sensor (m6051, rc0)
1768313851: Received PUBLISH from esp32_bme680_sensor (d0, q1, r0, m3784, 'sensor/bme680/iaq', ... (187 bytes))
1768313851: Sending PUBACK to esp32_bme680_sensor (m3784, rc0)
1768313861: Received PUBLISH from esp32_bme680_sensor (d0, q1, r0, m39571, 'sensor/bme680/data', ... (164 bytes))
1768313861: Sending PUBACK to esp32_bme680_sensor (m39571, rc0)
1768313861: Received PUBLISH from esp32_bme680_sensor (d0, q1, r0, m25179, 'sensor/bme680/iaq', ... (188 bytes))
1768313861: Sending PUBACK to esp32_bme680_sensor (m25179, rc0)
1768313872: Received PUBLISH from esp32_bme680_sensor (d0, q1, r0, m13666, 'sensor/bme680/data', ... (163 bytes))
1768313872: Sending PUBACK to esp32_bme680_sensor (m13666, rc0)
1768313872: Received PUBLISH from esp32_bme680_sensor (d0, q1, r0, m56554, 'sensor/bme680/iaq', ... (187 bytes))
1768313872: Sending PUBACK to esp32_bme680_sensor (m56554, rc0)
1768313874: Received PINGREQ from esp32_bme680_sensor
1768313874: Sending PINGRESP to esp32_bme680_sensor
1768313882: Received PUBLISH from esp32_bme680_sensor (d0, q1, r0, m19844, 'sensor/bme680/data', ... (164 bytes))
1768313882: Sending PUBACK to esp32_bme680_sensor (m19844, rc0)
1768313882: Received PUBLISH from esp32_bme680_sensor (d0, q1, r0, m18226, 'sensor/bme680/iaq', ... (187 bytes))
1768313882: Sending PUBACK to esp32_bme680_sensor (m18226, rc0)
1768313892: Received PUBLISH from esp32_bme680_sensor (d0, q1, r0, m60367, 'sensor/bme680/data', ... (164 bytes))
1768313892: Sending PUBACK to esp32_bme680_sensor (m60367, rc0)
1768313892: Received PUBLISH from esp32_bme680_sensor (d0, q1, r0, m57452, 'sensor/bme680/iaq', ... (187 bytes))
1768313892: Sending PUBACK to esp32_bme680_sensor (m57452, rc0)
1768313902: Received PUBLISH from esp32_bme680_sensor (d0, q1, r0, m48127, 'sensor/bme680/data', ... (161 bytes))
1768313902: Sending PUBACK to esp32_bme680_sensor (m48127, rc0)
1768313902: Received PUBLISH from esp32_bme680_sensor (d0, q1, r0, m28101, 'sensor/bme680/iaq', ... (187 bytes))
1768313902: Sending PUBACK to esp32_bme680_sensor (m28101, rc0)
1768313904: Received PINGREQ from esp32_bme680_sensor
1768313904: Sending PINGRESP to esp32_bme680_sensor
1768313912: Received PUBLISH from esp32_bme680_sensor (d0, q1, r0, m45454, 'sensor/bme680/data', ... (164 bytes))
1768313912: Sending PUBACK to esp32_bme680_sensor (m45454, rc0)
1768313912: Received PUBLISH from esp32_bme680_sensor (d0, q1, r0, m24487, 'sensor/bme680/iaq', ... (185 bytes))
1768313912: Sending PUBACK to esp32_bme680_sensor (m24487, rc0)
1768313923: Received PUBLISH from esp32_bme680_sensor (d0, q1, r0, m26325, 'sensor/bme680/data', ... (163 bytes))
1768313923: Sending PUBACK to esp32_bme680_sensor (m26325, rc0)
1768313923: Received PUBLISH from esp32_bme680_sensor (d0, q1, r0, m33471, 'sensor/bme680/iaq', ... (185 bytes))
1768313923: Sending PUBACK to esp32_bme680_sensor (m33471, rc0)
1768313933: Received PUBLISH from esp32_bme680_sensor (d0, q1, r0, m20673, 'sensor/bme680/data', ... (163 bytes))
1768313933: Sending PUBACK to esp32_bme680_sensor (m20673, rc0)
1768313933: Received PUBLISH from esp32_bme680_sensor (d0, q1, r0, m5695, 'sensor/bme680/iaq', ... (183 bytes))
1768313933: Sending PUBACK to esp32_bme680_sensor (m5695, rc0)
1768313935: Received PINGREQ from esp32_bme680_sensor
1768313935: Sending PINGRESP to esp32_bme680_sensor
1768313943: Received PUBLISH from esp32_bme680_sensor (d0, q1, r0, m10171, 'sensor/bme680/data', ... (162 bytes))
1768313943: Sending PUBACK to esp32_bme680_sensor (m10171, rc0)
1768313943: Received PUBLISH from esp32_bme680_sensor (d0, q1, r0, m15602, 'sensor/bme680/iaq', ... (188 bytes))
1768313943: Sending PUBACK to esp32_bme680_sensor (m15602, rc0)
1768313953: Received PUBLISH from esp32_bme680_sensor (d0, q1, r0, m28411, 'sensor/bme680/data', ... (161 bytes))
1768313953: Sending PUBACK to esp32_bme680_sensor (m28411, rc0)
1768313953: Received PUBLISH from esp32_bme680_sensor (d0, q1, r0, m48073, 'sensor/bme680/iaq', ... (186 bytes))
1768313953: Sending PUBACK to esp32_bme680_sensor (m48073, rc0)
1768313964: Received PUBLISH from esp32_bme680_sensor (d0, q1, r0, m32107, 'sensor/bme680/data', ... (162 bytes))
1768313964: Sending PUBACK to esp32_bme680_sensor (m32107, rc0)
1768313964: Received PUBLISH from esp32_bme680_sensor (d0, q1, r0, m24150, 'sensor/bme680/iaq', ... (188 bytes))
1768313964: Sending PUBACK to esp32_bme680_sensor (m24150, rc0)
1768313966: Received PINGREQ from esp32_bme680_sensor
1768313966: Sending PINGRESP to esp32_bme680_sensor
1768313974: Received PUBLISH from esp32_bme680_sensor (d0, q1, r0, m14246, 'sensor/bme680/data', ... (161 bytes))
1768313974: Sending PUBACK to esp32_bme680_sensor (m14246, rc0)
1768313974: Received PUBLISH from esp32_bme680_sensor (d0, q1, r0, m59360, 'sensor/bme680/iaq', ... (188 bytes))
1768313974: Sending PUBACK to esp32_bme680_sensor (m59360, rc0)
1768313984: Received PUBLISH from esp32_bme680_sensor (d0, q1, r0, m17501, 'sensor/bme680/data', ... (164 bytes))
1768313984: Sending PUBACK to esp32_bme680_sensor (m17501, rc0)
1768313984: Received PUBLISH from esp32_bme680_sensor (d0, q1, r0, m38091, 'sensor/bme680/iaq', ... (187 bytes))
1768313984: Sending PUBACK to esp32_bme680_sensor (m38091, rc0)
1768313994: Received PUBLISH from esp32_bme680_sensor (d0, q1, r0, m61596, 'sensor/bme680/data', ... (162 bytes))
1768313994: Sending PUBACK to esp32_bme680_sensor (m61596, rc0)
1768313994: Received PUBLISH from esp32_bme680_sensor (d0, q1, r0, m38315, 'sensor/bme680/iaq', ... (188 bytes))
1768313994: Sending PUBACK to esp32_bme680_sensor (m38315, rc0)
1768313996: Received PINGREQ from esp32_bme680_sensor
1768313996: Sending PINGRESP to esp32_bme680_sensor
1768314004: Received PUBLISH from esp32_bme680_sensor (d0, q1, r0, m30225, 'sensor/bme680/data', ... (164 bytes))
1768314004: Sending PUBACK to esp32_bme680_sensor (m30225, rc0)
1768314005: Received PUBLISH from esp32_bme680_sensor (d0, q1, r0, m11839, 'sensor/bme680/iaq', ... (185 bytes))
1768314005: Sending PUBACK to esp32_bme680_sensor (m11839, rc0)
1768314015: Received PUBLISH from esp32_bme680_sensor (d0, q1, r0, m25554, 'sensor/bme680/data', ... (163 bytes))
1768314015: Sending PUBACK to esp32_bme680_sensor (m25554, rc0)
1768314015: Received PUBLISH from esp32_bme680_sensor (d0, q1, r0, m24168, 'sensor/bme680/iaq', ... (182 bytes))
1768314015: Sending PUBACK to esp32_bme680_sensor (m24168, rc0)
1768314018: mosquitto version 2.0.22 terminating
1768314018: Saving in-memory database to /mosquitto/data//mosquitto.db.
1768314021: mosquitto version 2.0.22 starting
1768314021: Config loaded from /mosquitto/config/mosquitto.conf.
1768314021: Opening ipv4 listen socket on port 1883.
1768314021: Opening ipv6 listen socket on port 1883.
1768314021: Opening websockets listen socket on port 9001.
1768314021: mosquitto version 2.0.22 running
1768314023: New connection from 172.19.0.1:55654 on port 1883.
1768314023: New client connected from 172.19.0.1:55654 as esp32_bme680_sensor (p2, c1, k60).
1768314023: No will message specified.
1768314023: Sending CONNACK to esp32_bme680_sensor (0, 0)
1768314023: Received PUBLISH from esp32_bme680_sensor (d0, q1, r1, m22889, 'sensor/bme680/status', ... (70 bytes))
1768314023: Sending PUBACK to esp32_bme680_sensor (m22889, rc0)
1768314025: Received PUBLISH from esp32_bme680_sensor (d0, q1, r0, m19484, 'sensor/bme680/data', ... (164 bytes))
1768314025: Sending PUBACK to esp32_bme680_sensor (m19484, rc0)
1768314025: Received PUBLISH from esp32_bme680_sensor (d0, q1, r0, m21538, 'sensor/bme680/iaq', ... (187 bytes))
1768314025: Sending PUBACK to esp32_bme680_sensor (m21538, rc0)
1768314035: Received PUBLISH from esp32_bme680_sensor (d0, q1, r0, m63825, 'sensor/bme680/data', ... (157 bytes))
1768314035: Sending PUBACK to esp32_bme680_sensor (m63825, rc0)
1768314035: Received PUBLISH from esp32_bme680_sensor (d0, q1, r0, m48898, 'sensor/bme680/iaq', ... (186 bytes))
1768314035: Sending PUBACK to esp32_bme680_sensor (m48898, rc0)
1768314045: Received PUBLISH from esp32_bme680_sensor (d0, q1, r0, m38059, 'sensor/bme680/data', ... (164 bytes))
1768314045: Sending PUBACK to esp32_bme680_sensor (m38059, rc0)
1768314045: Received PUBLISH from esp32_bme680_sensor (d0, q1, r0, m50268, 'sensor/bme680/iaq', ... (180 bytes))
1768314045: Sending PUBACK to esp32_bme680_sensor (m50268, rc0)
1768314054: Received PINGREQ from esp32_bme680_sensor
1768314054: Sending PINGRESP to esp32_bme680_sensor
1768314056: Received PUBLISH from esp32_bme680_sensor (d0, q1, r0, m41207, 'sensor/bme680/data', ... (159 bytes))
1768314056: Sending PUBACK to esp32_bme680_sensor (m41207, rc0)
1768314056: Received PUBLISH from esp32_bme680_sensor (d0, q1, r0, m5528, 'sensor/bme680/iaq', ... (187 bytes))
1768314056: Sending PUBACK to esp32_bme680_sensor (m5528, rc0)
1768314066: Received PUBLISH from esp32_bme680_sensor (d0, q1, r0, m44751, 'sensor/bme680/data', ... (159 bytes))
1768314066: Sending PUBACK to esp32_bme680_sensor (m44751, rc0)
1768314066: Received PUBLISH from esp32_bme680_sensor (d0, q1, r0, m29007, 'sensor/bme680/iaq', ... (187 bytes))
1768314066: Sending PUBACK to esp32_bme680_sensor (m29007, rc0)
1768314076: Received PUBLISH from esp32_bme680_sensor (d0, q1, r0, m9462, 'sensor/bme680/data', ... (157 bytes))
1768314076: Sending PUBACK to esp32_bme680_sensor (m9462, rc0)
1768314076: Received PUBLISH from esp32_bme680_sensor (d0, q1, r0, m50189, 'sensor/bme680/iaq', ... (188 bytes))
1768314076: Sending PUBACK to esp32_bme680_sensor (m50189, rc0)
1768314085: Received PINGREQ from esp32_bme680_sensor
1768314085: Sending PINGRESP to esp32_bme680_sensor
1768314086: Received PUBLISH from esp32_bme680_sensor (d0, q1, r0, m45268, 'sensor/bme680/data', ... (163 bytes))
1768314086: Sending PUBACK to esp32_bme680_sensor (m45268, rc0)
1768314086: Received PUBLISH from esp32_bme680_sensor (d0, q1, r0, m58324, 'sensor/bme680/iaq', ... (185 bytes))
1768314086: Sending PUBACK to esp32_bme680_sensor (m58324, rc0)
1768314097: Received PUBLISH from esp32_bme680_sensor (d0, q1, r0, m34530, 'sensor/bme680/data', ... (161 bytes))
1768314097: Sending PUBACK to esp32_bme680_sensor (m34530, rc0)
1768314097: Received PUBLISH from esp32_bme680_sensor (d0, q1, r0, m50955, 'sensor/bme680/iaq', ... (184 bytes))
1768314097: Sending PUBACK to esp32_bme680_sensor (m50955, rc0)
1768314107: Received PUBLISH from esp32_bme680_sensor (d0, q1, r0, m25184, 'sensor/bme680/data', ... (162 bytes))
1768314107: Sending PUBACK to esp32_bme680_sensor (m25184, rc0)
1768314107: Received PUBLISH from esp32_bme680_sensor (d0, q1, r0, m57113, 'sensor/bme680/iaq', ... (184 bytes))
1768314107: Sending PUBACK to esp32_bme680_sensor (m57113, rc0)
1768314116: Received PINGREQ from esp32_bme680_sensor
1768314116: Sending PINGRESP to esp32_bme680_sensor
1768314117: Received PUBLISH from esp32_bme680_sensor (d0, q1, r0, m34440, 'sensor/bme680/data', ... (162 bytes))
1768314117: Sending PUBACK to esp32_bme680_sensor (m34440, rc0)
1768314117: Received PUBLISH from esp32_bme680_sensor (d0, q1, r0, m48363, 'sensor/bme680/iaq', ... (184 bytes))
1768314117: Sending PUBACK to esp32_bme680_sensor (m48363, rc0)
1768314127: Received PUBLISH from esp32_bme680_sensor (d0, q1, r0, m64020, 'sensor/bme680/data', ... (151 bytes))
1768314127: Sending PUBACK to esp32_bme680_sensor (m64020, rc0)
1768314127: Received PUBLISH from esp32_bme680_sensor (d0, q1, r0, m64998, 'sensor/bme680/iaq', ... (187 bytes))
1768314127: Sending PUBACK to esp32_bme680_sensor (m64998, rc0)
1768314137: Received PUBLISH from esp32_bme680_sensor (d0, q1, r0, m48120, 'sensor/bme680/data', ... (162 bytes))
1768314137: Sending PUBACK to esp32_bme680_sensor (m48120, rc0)
1768314137: Received PUBLISH from esp32_bme680_sensor (d0, q1, r0, m32511, 'sensor/bme680/iaq', ... (185 bytes))
1768314137: Sending PUBACK to esp32_bme680_sensor (m32511, rc0)
1768314146: Received PINGREQ from esp32_bme680_sensor
1768314146: Sending PINGRESP to esp32_bme680_sensor
1768314148: Received PUBLISH from esp32_bme680_sensor (d0, q1, r0, m43614, 'sensor/bme680/data', ... (162 bytes))
1768314148: Sending PUBACK to esp32_bme680_sensor (m43614, rc0)
1768314148: Received PUBLISH from esp32_bme680_sensor (d0, q1, r0, m53092, 'sensor/bme680/iaq', ... (185 bytes))
1768314148: Sending PUBACK to esp32_bme680_sensor (m53092, rc0)
1768314158: Received PUBLISH from esp32_bme680_sensor (d0, q1, r0, m64650, 'sensor/bme680/data', ... (160 bytes))
1768314158: Sending PUBACK to esp32_bme680_sensor (m64650, rc0)
1768314158: Received PUBLISH from esp32_bme680_sensor (d0, q1, r0, m45655, 'sensor/bme680/iaq', ... (180 bytes))
1768314158: Sending PUBACK to esp32_bme680_sensor (m45655, rc0)
1768314168: Received PUBLISH from esp32_bme680_sensor (d0, q1, r0, m47007, 'sensor/bme680/data', ... (163 bytes))
1768314168: Sending PUBACK to esp32_bme680_sensor (m47007, rc0)
1768314168: Received PUBLISH from esp32_bme680_sensor (d0, q1, r0, m13826, 'sensor/bme680/iaq', ... (185 bytes))
1768314168: Sending PUBACK to esp32_bme680_sensor (m13826, rc0)
1768314177: Received PINGREQ from esp32_bme680_sensor
1768314177: Sending PINGRESP to esp32_bme680_sensor
1768314178: Received PUBLISH from esp32_bme680_sensor (d0, q1, r0, m21367, 'sensor/bme680/data', ... (160 bytes))
1768314178: Sending PUBACK to esp32_bme680_sensor (m21367, rc0)
1768314178: Received PUBLISH from esp32_bme680_sensor (d0, q1, r0, m31304, 'sensor/bme680/iaq', ... (185 bytes))
1768314178: Sending PUBACK to esp32_bme680_sensor (m31304, rc0)
1768314189: Received PUBLISH from esp32_bme680_sensor (d0, q1, r0, m52965, 'sensor/bme680/data', ... (164 bytes))
1768314189: Sending PUBACK to esp32_bme680_sensor (m52965, rc0)
1768314189: Received PUBLISH from esp32_bme680_sensor (d0, q1, r0, m6524, 'sensor/bme680/iaq', ... (186 bytes))
1768314189: Sending PUBACK to esp32_bme680_sensor (m6524, rc0)
1768314199: Received PUBLISH from esp32_bme680_sensor (d0, q1, r0, m13002, 'sensor/bme680/data', ... (164 bytes))
1768314199: Sending PUBACK to esp32_bme680_sensor (m13002, rc0)
1768314199: Received PUBLISH from esp32_bme680_sensor (d0, q1, r0, m62064, 'sensor/bme680/iaq', ... (184 bytes))
1768314199: Sending PUBACK to esp32_bme680_sensor (m62064, rc0)
1768314208: Received PINGREQ from esp32_bme680_sensor
1768314208: Sending PINGRESP to esp32_bme680_sensor
1768314209: Received PUBLISH from esp32_bme680_sensor (d0, q1, r0, m61553, 'sensor/bme680/data', ... (164 bytes))
1768314209: Sending PUBACK to esp32_bme680_sensor (m61553, rc0)
1768314209: Received PUBLISH from esp32_bme680_sensor (d0, q1, r0, m44543, 'sensor/bme680/iaq', ... (185 bytes))
1768314209: Sending PUBACK to esp32_bme680_sensor (m44543, rc0)
1768314219: Received PUBLISH from esp32_bme680_sensor (d0, q1, r0, m39620, 'sensor/bme680/data', ... (161 bytes))
1768314219: Sending PUBACK to esp32_bme680_sensor (m39620, rc0)
1768314219: Received PUBLISH from esp32_bme680_sensor (d0, q1, r0, m59527, 'sensor/bme680/iaq', ... (185 bytes))
1768314219: Sending PUBACK to esp32_bme680_sensor (m59527, rc0)
1768314229: Received PUBLISH from esp32_bme680_sensor (d0, q1, r0, m13837, 'sensor/bme680/data', ... (158 bytes))
1768314229: Sending PUBACK to esp32_bme680_sensor (m13837, rc0)
1768314229: Received PUBLISH from esp32_bme680_sensor (d0, q1, r0, m57481, 'sensor/bme680/iaq', ... (183 bytes))
1768314229: Sending PUBACK to esp32_bme680_sensor (m57481, rc0)
1768314238: Received PINGREQ from esp32_bme680_sensor
1768314238: Sending PINGRESP to esp32_bme680_sensor
1768314240: Received PUBLISH from esp32_bme680_sensor (d0, q1, r0, m3595, 'sensor/bme680/data', ... (163 bytes))
1768314240: Sending PUBACK to esp32_bme680_sensor (m3595, rc0)
1768314240: Received PUBLISH from esp32_bme680_sensor (d0, q1, r0, m10768, 'sensor/bme680/iaq', ... (187 bytes))
1768314240: Sending PUBACK to esp32_bme680_sensor (m10768, rc0)
1768314250: Received PUBLISH from esp32_bme680_sensor (d0, q1, r0, m11275, 'sensor/bme680/data', ... (158 bytes))
1768314250: Sending PUBACK to esp32_bme680_sensor (m11275, rc0)
1768314250: Received PUBLISH from esp32_bme680_sensor (d0, q1, r0, m50898, 'sensor/bme680/iaq', ... (186 bytes))
1768314250: Sending PUBACK to esp32_bme680_sensor (m50898, rc0)
1768314260: Received PUBLISH from esp32_bme680_sensor (d0, q1, r0, m47986, 'sensor/bme680/data', ... (164 bytes))
1768314260: Sending PUBACK to esp32_bme680_sensor (m47986, rc0)
1768314260: Received PUBLISH from esp32_bme680_sensor (d0, q1, r0, m40536, 'sensor/bme680/iaq', ... (186 bytes))
1768314260: Sending PUBACK to esp32_bme680_sensor (m40536, rc0)
1768314269: Received PINGREQ from esp32_bme680_sensor
1768314269: Sending PINGRESP to esp32_bme680_sensor
1768314270: Received PUBLISH from esp32_bme680_sensor (d0, q1, r0, m25425, 'sensor/bme680/data', ... (163 bytes))
1768314270: Sending PUBACK to esp32_bme680_sensor (m25425, rc0)
1768314270: Received PUBLISH from esp32_bme680_sensor (d0, q1, r0, m5690, 'sensor/bme680/iaq', ... (187 bytes))
1768314270: Sending PUBACK to esp32_bme680_sensor (m5690, rc0)
1768314281: Received PUBLISH from esp32_bme680_sensor (d0, q1, r0, m1476, 'sensor/bme680/data', ... (163 bytes))
1768314281: Sending PUBACK to esp32_bme680_sensor (m1476, rc0)
1768314281: Received PUBLISH from esp32_bme680_sensor (d0, q1, r0, m38158, 'sensor/bme680/iaq', ... (187 bytes))
1768314281: Sending PUBACK to esp32_bme680_sensor (m38158, rc0)
1768314291: Received PUBLISH from esp32_bme680_sensor (d0, q1, r0, m57862, 'sensor/bme680/data', ... (164 bytes))
1768314291: Sending PUBACK to esp32_bme680_sensor (m57862, rc0)
1768314291: Received PUBLISH from esp32_bme680_sensor (d0, q1, r0, m40498, 'sensor/bme680/iaq', ... (188 bytes))
1768314291: Sending PUBACK to esp32_bme680_sensor (m40498, rc0)
1768314300: Received PINGREQ from esp32_bme680_sensor
1768314300: Sending PINGRESP to esp32_bme680_sensor
1768314301: Received PUBLISH from esp32_bme680_sensor (d0, q1, r0, m63761, 'sensor/bme680/data', ... (162 bytes))
1768314301: Sending PUBACK to esp32_bme680_sensor (m63761, rc0)
1768314301: Received PUBLISH from esp32_bme680_sensor (d0, q1, r0, m34038, 'sensor/bme680/iaq', ... (187 bytes))
1768314301: Sending PUBACK to esp32_bme680_sensor (m34038, rc0)
1768314311: Received PUBLISH from esp32_bme680_sensor (d0, q1, r0, m45436, 'sensor/bme680/data', ... (164 bytes))
1768314311: Sending PUBACK to esp32_bme680_sensor (m45436, rc0)
1768314311: Received PUBLISH from esp32_bme680_sensor (d0, q1, r0, m25441, 'sensor/bme680/iaq', ... (188 bytes))
1768314311: Sending PUBACK to esp32_bme680_sensor (m25441, rc0)
1768314322: Received PUBLISH from esp32_bme680_sensor (d0, q1, r0, m21772, 'sensor/bme680/data', ... (160 bytes))
1768314322: Sending PUBACK to esp32_bme680_sensor (m21772, rc0)
1768314322: Received PUBLISH from esp32_bme680_sensor (d0, q1, r0, m28271, 'sensor/bme680/iaq', ... (187 bytes))
1768314322: Sending PUBACK to esp32_bme680_sensor (m28271, rc0)
1768314331: Received PINGREQ from esp32_bme680_sensor
1768314331: Sending PINGRESP to esp32_bme680_sensor
1768314332: Received PUBLISH from esp32_bme680_sensor (d0, q1, r0, m43677, 'sensor/bme680/data', ... (164 bytes))
1768314332: Sending PUBACK to esp32_bme680_sensor (m43677, rc0)
1768314332: Received PUBLISH from esp32_bme680_sensor (d0, q1, r0, m49358, 'sensor/bme680/iaq', ... (185 bytes))
1768314332: Sending PUBACK to esp32_bme680_sensor (m49358, rc0)
1768314342: Received PUBLISH from esp32_bme680_sensor (d0, q1, r0, m47120, 'sensor/bme680/data', ... (164 bytes))
1768314342: Sending PUBACK to esp32_bme680_sensor (m47120, rc0)
1768314342: Received PUBLISH from esp32_bme680_sensor (d0, q1, r0, m19273, 'sensor/bme680/iaq', ... (187 bytes))
1768314342: Sending PUBACK to esp32_bme680_sensor (m19273, rc0)
1768314352: Received PUBLISH from esp32_bme680_sensor (d0, q1, r0, m4690, 'sensor/bme680/data', ... (162 bytes))
1768314352: Sending PUBACK to esp32_bme680_sensor (m4690, rc0)
1768314352: Received PUBLISH from esp32_bme680_sensor (d0, q1, r0, m46940, 'sensor/bme680/iaq', ... (183 bytes))
1768314352: Sending PUBACK to esp32_bme680_sensor (m46940, rc0)
1768314361: Received PINGREQ from esp32_bme680_sensor
1768314361: Sending PINGRESP to esp32_bme680_sensor
1768314362: Received PUBLISH from esp32_bme680_sensor (d0, q1, r0, m36670, 'sensor/bme680/data', ... (159 bytes))
1768314362: Sending PUBACK to esp32_bme680_sensor (m36670, rc0)
1768314362: Received PUBLISH from esp32_bme680_sensor (d0, q1, r0, m29253, 'sensor/bme680/iaq', ... (184 bytes))
1768314362: Sending PUBACK to esp32_bme680_sensor (m29253, rc0)
1768314373: Received PUBLISH from esp32_bme680_sensor (d0, q1, r0, m3788, 'sensor/bme680/data', ... (164 bytes))
1768314373: Sending PUBACK to esp32_bme680_sensor (m3788, rc0)
1768314373: Received PUBLISH from esp32_bme680_sensor (d0, q1, r0, m50045, 'sensor/bme680/iaq', ... (188 bytes))
1768314373: Sending PUBACK to esp32_bme680_sensor (m50045, rc0)
1768314383: Received PUBLISH from esp32_bme680_sensor (d0, q1, r0, m28177, 'sensor/bme680/data', ... (162 bytes))
1768314383: Sending PUBACK to esp32_bme680_sensor (m28177, rc0)
1768314383: Received PUBLISH from esp32_bme680_sensor (d0, q1, r0, m43510, 'sensor/bme680/iaq', ... (185 bytes))
1768314383: Sending PUBACK to esp32_bme680_sensor (m43510, rc0)
1768314392: Received PINGREQ from esp32_bme680_sensor
1768314392: Sending PINGRESP to esp32_bme680_sensor
1768314393: Received PUBLISH from esp32_bme680_sensor (d0, q1, r0, m57987, 'sensor/bme680/data', ... (164 bytes))
1768314393: Sending PUBACK to esp32_bme680_sensor (m57987, rc0)
1768314393: Received PUBLISH from esp32_bme680_sensor (d0, q1, r0, m31969, 'sensor/bme680/iaq', ... (189 bytes))
1768314393: Sending PUBACK to esp32_bme680_sensor (m31969, rc0)
1768314403: Received PUBLISH from esp32_bme680_sensor (d0, q1, r0, m13335, 'sensor/bme680/data', ... (162 bytes))
1768314403: Sending PUBACK to esp32_bme680_sensor (m13335, rc0)
1768314403: Received PUBLISH from esp32_bme680_sensor (d0, q1, r0, m50241, 'sensor/bme680/iaq', ... (183 bytes))
1768314403: Sending PUBACK to esp32_bme680_sensor (m50241, rc0)
1768314414: Received PUBLISH from esp32_bme680_sensor (d0, q1, r0, m17436, 'sensor/bme680/data', ... (163 bytes))
1768314414: Sending PUBACK to esp32_bme680_sensor (m17436, rc0)
1768314414: Received PUBLISH from esp32_bme680_sensor (d0, q1, r0, m63932, 'sensor/bme680/iaq', ... (184 bytes))
1768314414: Sending PUBACK to esp32_bme680_sensor (m63932, rc0)
1768314423: Received PINGREQ from esp32_bme680_sensor
1768314423: Sending PINGRESP to esp32_bme680_sensor
1768314424: Received PUBLISH from esp32_bme680_sensor (d0, q1, r0, m40320, 'sensor/bme680/data', ... (163 bytes))
1768314424: Sending PUBACK to esp32_bme680_sensor (m40320, rc0)
1768314424: Received PUBLISH from esp32_bme680_sensor (d0, q1, r0, m15036, 'sensor/bme680/iaq', ... (189 bytes))
1768314424: Sending PUBACK to esp32_bme680_sensor (m15036, rc0)
1768314434: Received PUBLISH from esp32_bme680_sensor (d0, q1, r0, m48456, 'sensor/bme680/data', ... (163 bytes))
1768314434: Sending PUBACK to esp32_bme680_sensor (m48456, rc0)
1768314434: Received PUBLISH from esp32_bme680_sensor (d0, q1, r0, m46138, 'sensor/bme680/iaq', ... (189 bytes))
1768314434: Sending PUBACK to esp32_bme680_sensor (m46138, rc0)
1768314444: Received PUBLISH from esp32_bme680_sensor (d0, q1, r0, m9281, 'sensor/bme680/data', ... (159 bytes))
1768314444: Sending PUBACK to esp32_bme680_sensor (m9281, rc0)
1768314444: Received PUBLISH from esp32_bme680_sensor (d0, q1, r0, m59907, 'sensor/bme680/iaq', ... (186 bytes))
1768314444: Sending PUBACK to esp32_bme680_sensor (m59907, rc0)
1768314453: Received PINGREQ from esp32_bme680_sensor
1768314453: Sending PINGRESP to esp32_bme680_sensor
1768314454: Received PUBLISH from esp32_bme680_sensor (d0, q1, r0, m10772, 'sensor/bme680/data', ... (164 bytes))
1768314454: Sending PUBACK to esp32_bme680_sensor (m10772, rc0)
1768314454: Received PUBLISH from esp32_bme680_sensor (d0, q1, r0, m4754, 'sensor/bme680/iaq', ... (187 bytes))
1768314454: Sending PUBACK to esp32_bme680_sensor (m4754, rc0)
1768314465: Received PUBLISH from esp32_bme680_sensor (d0, q1, r0, m37382, 'sensor/bme680/data', ... (164 bytes))
1768314465: Sending PUBACK to esp32_bme680_sensor (m37382, rc0)
1768314465: Received PUBLISH from esp32_bme680_sensor (d0, q1, r0, m8486, 'sensor/bme680/iaq', ... (187 bytes))
1768314465: Sending PUBACK to esp32_bme680_sensor (m8486, rc0)
1768314475: Received PUBLISH from esp32_bme680_sensor (d0, q1, r0, m28636, 'sensor/bme680/data', ... (163 bytes))
1768314475: Sending PUBACK to esp32_bme680_sensor (m28636, rc0)
1768314475: Received PUBLISH from esp32_bme680_sensor (d0, q1, r0, m10749, 'sensor/bme680/iaq', ... (185 bytes))
1768314475: Sending PUBACK to esp32_bme680_sensor (m10749, rc0)
1768314484: Received PINGREQ from esp32_bme680_sensor
1768314484: Sending PINGRESP to esp32_bme680_sensor
1768314485: Received PUBLISH from esp32_bme680_sensor (d0, q1, r0, m49885, 'sensor/bme680/data', ... (161 bytes))
1768314485: Sending PUBACK to esp32_bme680_sensor (m49885, rc0)
1768314485: Received PUBLISH from esp32_bme680_sensor (d0, q1, r0, m53249, 'sensor/bme680/iaq', ... (184 bytes))
1768314485: Sending PUBACK to esp32_bme680_sensor (m53249, rc0)
1768314495: Received PUBLISH from esp32_bme680_sensor (d0, q1, r0, m52804, 'sensor/bme680/data', ... (160 bytes))
1768314495: Sending PUBACK to esp32_bme680_sensor (m52804, rc0)
1768314495: Received PUBLISH from esp32_bme680_sensor (d0, q1, r0, m61471, 'sensor/bme680/iaq', ... (187 bytes))
1768314495: Sending PUBACK to esp32_bme680_sensor (m61471, rc0)
1768314506: Received PUBLISH from esp32_bme680_sensor (d0, q1, r0, m36499, 'sensor/bme680/data', ... (160 bytes))
1768314506: Sending PUBACK to esp32_bme680_sensor (m36499, rc0)
1768314506: Received PUBLISH from esp32_bme680_sensor (d0, q1, r0, m19686, 'sensor/bme680/iaq', ... (183 bytes))
1768314506: Sending PUBACK to esp32_bme680_sensor (m19686, rc0)
1768314512: New connection from 172.19.0.1:55954 on port 1883.
1768314512: Client esp32_bme680_sensor already connected, closing old connection.
1768314512: New client connected from 172.19.0.1:55954 as esp32_bme680_sensor (p2, c1, k60).
1768314512: No will message specified.
1768314512: Sending CONNACK to esp32_bme680_sensor (0, 0)
1768314512: Received PUBLISH from esp32_bme680_sensor (d0, q1, r1, m43886, 'sensor/bme680/status', ... (70 bytes))
1768314512: Sending PUBACK to esp32_bme680_sensor (m43886, rc0)
1768314521: Received PUBLISH from esp32_bme680_sensor (d0, q1, r0, m55909, 'sensor/bme680/data', ... (161 bytes))
1768314521: Sending PUBACK to esp32_bme680_sensor (m55909, rc0)
1768314521: Received PUBLISH from esp32_bme680_sensor (d0, q1, r0, m64060, 'sensor/bme680/iaq', ... (188 bytes))
1768314521: Sending PUBACK to esp32_bme680_sensor (m64060, rc0)
1768314531: Received PUBLISH from esp32_bme680_sensor (d0, q1, r0, m37906, 'sensor/bme680/data', ... (163 bytes))
1768314531: Sending PUBACK to esp32_bme680_sensor (m37906, rc0)
1768314531: Received PUBLISH from esp32_bme680_sensor (d0, q1, r0, m60541, 'sensor/bme680/iaq', ... (183 bytes))
1768314531: Sending PUBACK to esp32_bme680_sensor (m60541, rc0)
1768314541: Received PUBLISH from esp32_bme680_sensor (d0, q1, r0, m20111, 'sensor/bme680/data', ... (164 bytes))
1768314541: Sending PUBACK to esp32_bme680_sensor (m20111, rc0)
1768314541: Received PUBLISH from esp32_bme680_sensor (d0, q1, r0, m19002, 'sensor/bme680/iaq', ... (188 bytes))
1768314541: Sending PUBACK to esp32_bme680_sensor (m19002, rc0)
1768314543: Received PINGREQ from esp32_bme680_sensor
1768314543: Sending PINGRESP to esp32_bme680_sensor
1768314552: Received PUBLISH from esp32_bme680_sensor (d0, q1, r0, m17150, 'sensor/bme680/data', ... (163 bytes))
1768314552: Sending PUBACK to esp32_bme680_sensor (m17150, rc0)
1768314552: Received PUBLISH from esp32_bme680_sensor (d0, q1, r0, m33369, 'sensor/bme680/iaq', ... (187 bytes))
1768314552: Sending PUBACK to esp32_bme680_sensor (m33369, rc0)
1768314562: Received PUBLISH from esp32_bme680_sensor (d0, q1, r0, m25944, 'sensor/bme680/data', ... (160 bytes))
1768314562: Sending PUBACK to esp32_bme680_sensor (m25944, rc0)
1768314562: Received PUBLISH from esp32_bme680_sensor (d0, q1, r0, m40501, 'sensor/bme680/iaq', ... (185 bytes))
1768314562: Sending PUBACK to esp32_bme680_sensor (m40501, rc0)
1768314572: Received PUBLISH from esp32_bme680_sensor (d0, q1, r0, m13606, 'sensor/bme680/data', ... (164 bytes))
1768314572: Sending PUBACK to esp32_bme680_sensor (m13606, rc0)
1768314572: Received PUBLISH from esp32_bme680_sensor (d0, q1, r0, m37335, 'sensor/bme680/iaq', ... (185 bytes))
1768314572: Sending PUBACK to esp32_bme680_sensor (m37335, rc0)
1768314573: Received PINGREQ from esp32_bme680_sensor
1768314573: Sending PINGRESP to esp32_bme680_sensor
1768314582: Received PUBLISH from esp32_bme680_sensor (d0, q1, r0, m10055, 'sensor/bme680/data', ... (162 bytes))
1768314582: Sending PUBACK to esp32_bme680_sensor (m10055, rc0)
1768314582: Received PUBLISH from esp32_bme680_sensor (d0, q1, r0, m54092, 'sensor/bme680/iaq', ... (185 bytes))
1768314582: Sending PUBACK to esp32_bme680_sensor (m54092, rc0)
1768314592: Received PUBLISH from esp32_bme680_sensor (d0, q1, r0, m16823, 'sensor/bme680/data', ... (164 bytes))
1768314592: Sending PUBACK to esp32_bme680_sensor (m16823, rc0)
1768314592: Received PUBLISH from esp32_bme680_sensor (d0, q1, r0, m53570, 'sensor/bme680/iaq', ... (189 bytes))
1768314592: Sending PUBACK to esp32_bme680_sensor (m53570, rc0)
1768314603: Received PUBLISH from esp32_bme680_sensor (d0, q1, r0, m48619, 'sensor/bme680/data', ... (162 bytes))
1768314603: Sending PUBACK to esp32_bme680_sensor (m48619, rc0)
1768314603: Received PUBLISH from esp32_bme680_sensor (d0, q1, r0, m44930, 'sensor/bme680/iaq', ... (184 bytes))
1768314603: Sending PUBACK to esp32_bme680_sensor (m44930, rc0)
1768314604: Received PINGREQ from esp32_bme680_sensor
1768314604: Sending PINGRESP to esp32_bme680_sensor
1768314613: Received PUBLISH from esp32_bme680_sensor (d0, q1, r0, m52802, 'sensor/bme680/data', ... (160 bytes))
1768314613: Sending PUBACK to esp32_bme680_sensor (m52802, rc0)
1768314613: Received PUBLISH from esp32_bme680_sensor (d0, q1, r0, m61412, 'sensor/bme680/iaq', ... (180 bytes))
1768314613: Sending PUBACK to esp32_bme680_sensor (m61412, rc0)
1768314623: Received PUBLISH from esp32_bme680_sensor (d0, q1, r0, m29731, 'sensor/bme680/data', ... (164 bytes))
1768314623: Sending PUBACK to esp32_bme680_sensor (m29731, rc0)
1768314623: Received PUBLISH from esp32_bme680_sensor (d0, q1, r0, m49803, 'sensor/bme680/iaq', ... (188 bytes))
1768314623: Sending PUBACK to esp32_bme680_sensor (m49803, rc0)
1768314629: mosquitto version 2.0.22 terminating
1768314629: Saving in-memory database to /mosquitto/data//mosquitto.db.
1768493045: mosquitto version 2.0.22 starting
1768493045: Config loaded from /mosquitto/config/mosquitto.conf.
1768493045: Opening ipv4 listen socket on port 1883.
1768493045: Opening ipv6 listen socket on port 1883.
1768493045: Opening websockets listen socket on port 9001.
1768493045: mosquitto version 2.0.22 running
1768493055: New connection from 172.19.0.1:36550 on port 1883.
1768493055: New client connected from 172.19.0.1:36550 as MQTT_FX_Client (p5, c0, k60).
1768493055: No will message specified.
1768493055: Sending CONNACK to MQTT_FX_Client (0, 0)
1768493066: mosquitto version 2.0.22 terminating
1768493066: Saving in-memory database to /mosquitto/data//mosquitto.db.
